
=== Tue Dec  3 20:55:42 2019

Packages were changed.
Update Mode: updateDependencies

The following packages were added:
  com.unity.2d.tilemap@1.0.0
  com.unity.collab-proxy@1.2.16
  com.unity.test-framework@1.1.3
  com.unity.timeline@1.2.6
  com.unity.2d.sprite@1.0.0
  com.unity.ide.vscode@1.1.3
  com.unity.ide.rider@1.1.0
  com.unity.ugui@1.0.0
  com.unity.xr.legacyinputhelpers@1.3.8
  com.unity.modules.androidjni@1.0.0
  com.unity.multiplayer-hlapi@1.0.4
The following packages were updated:
  com.unity.2d.pixel-perfect from version 1.0.1-preview to 2.0.3
  com.unity.analytics from version 2.0.16 to 3.3.2
  com.unity.textmeshpro from version 1.2.4 to 2.0.1
The following packages were removed:
  com.unity.package-manager-ui@1.9.11

=== Wed Dec  2 06:05:09 2020

Packages were changed.
Update Mode: updateDependencies

The following packages were added:
  com.unity.ide.visualstudio@2.0.3
The following packages were updated:
  com.unity.2d.pixel-perfect from version 2.0.3 to 3.0.2
  com.unity.analytics from version 3.3.2 to 3.5.3
  com.unity.collab-proxy from version 1.2.16 to 1.3.9
  com.unity.ide.rider from version 1.1.0 to 1.2.1
  com.unity.ide.vscode from version 1.1.3 to 1.2.3
  com.unity.multiplayer-hlapi from version 1.0.4 to 1.0.6
  com.unity.test-framework from version 1.1.3 to 1.1.18
  com.unity.textmeshpro from version 2.0.1 to 3.0.1
  com.unity.xr.legacyinputhelpers from version 1.3.8 to 2.1.4
